==========================================
SLURM_CLUSTER_NAME = paramutkarsh
SLURM_ARRAY_JOB_ID = 
SLURM_ARRAY_TASK_ID = 
SLURM_ARRAY_TASK_COUNT = 
SLURM_ARRAY_TASK_MAX = 
SLURM_ARRAY_TASK_MIN = 
SLURM_JOB_ACCOUNT = cdac
SLURM_JOB_ID = 40660
SLURM_JOB_NAME = nih_xray_gpu
SLURM_JOB_NODELIST = gpu005
SLURM_JOB_USER = chuk303
SLURM_JOB_UID = 23359
SLURM_JOB_PARTITION = gpu
SLURM_TASK_PID = 32346
SLURM_SUBMIT_DIR = /home/chuk303/nih-chestxray-hpc
SLURM_CPUS_ON_NODE = 8
SLURM_NTASKS = 
SLURM_TASK_PID = 32346
==========================================
Downloading dataset chunk from Google Drive...
Processing Drive file: 1TFJYnoq37wukrjKyyh6aYd8o1R4nLQ2e
[ERROR] NIH_DRIVE_FILE_ID not set
Using device: cuda
Found 1 archives
Resuming from chunk index 1

All chunks processed successfully.
Processing Drive file: 1u3uH1mt41UGWK2cixtyO0VNiIE30_ckk
[ERROR] NIH_DRIVE_FILE_ID not set
Using device: cuda
Found 1 archives
Resuming from chunk index 1

All chunks processed successfully.
Using device: cuda
Found 1 archives
Resuming from chunk index 1

All chunks processed successfully.
