/var/share/slurm/d/job40664/slurm_script: line 18: echo: write error: Disk quota exceeded
/var/share/slurm/d/job40664/slurm_script: line 26: echo: write error: Disk quota exceeded
download_from_drive.sh: line 21: echo: write error: Disk quota exceeded
/home/chuk303/nih-chestxray-hpc/venv/lib/python3.7/site-packages/torchvision/models/_utils.py:209: UserWarning: The parameter 'pretrained' is deprecated since 0.13 and may be removed in the future, please use 'weights' instead.
  f"The parameter '{pretrained_param}' is deprecated since 0.13 and may be removed in the future, "
/home/chuk303/nih-chestxray-hpc/venv/lib/python3.7/site-packages/torchvision/models/_utils.py:223: UserWarning: Arguments other than a weight enum or `None` for 'weights' are deprecated since 0.13 and may be removed in the future. The current behavior is equivalent to passing `weights=None`.
  warnings.warn(msg)
Exception ignored in: <_io.TextIOWrapper name='<stdout>' mode='w' encoding='UTF-8'>
OSError: [Errno 122] Disk quota exceeded
/var/share/slurm/d/job40664/slurm_script: line 26: echo: write error: Disk quota exceeded
download_from_drive.sh: line 21: echo: write error: Disk quota exceeded
/home/chuk303/nih-chestxray-hpc/venv/lib/python3.7/site-packages/torchvision/models/_utils.py:209: UserWarning: The parameter 'pretrained' is deprecated since 0.13 and may be removed in the future, please use 'weights' instead.
  f"The parameter '{pretrained_param}' is deprecated since 0.13 and may be removed in the future, "
/home/chuk303/nih-chestxray-hpc/venv/lib/python3.7/site-packages/torchvision/models/_utils.py:223: UserWarning: Arguments other than a weight enum or `None` for 'weights' are deprecated since 0.13 and may be removed in the future. The current behavior is equivalent to passing `weights=None`.
  warnings.warn(msg)
Exception ignored in: <_io.TextIOWrapper name='<stdout>' mode='w' encoding='UTF-8'>
OSError: [Errno 122] Disk quota exceeded
/home/chuk303/nih-chestxray-hpc/venv/lib/python3.7/site-packages/torchvision/models/_utils.py:209: UserWarning: The parameter 'pretrained' is deprecated since 0.13 and may be removed in the future, please use 'weights' instead.
  f"The parameter '{pretrained_param}' is deprecated since 0.13 and may be removed in the future, "
/home/chuk303/nih-chestxray-hpc/venv/lib/python3.7/site-packages/torchvision/models/_utils.py:223: UserWarning: Arguments other than a weight enum or `None` for 'weights' are deprecated since 0.13 and may be removed in the future. The current behavior is equivalent to passing `weights=None`.
  warnings.warn(msg)
Exception ignored in: <_io.TextIOWrapper name='<stdout>' mode='w' encoding='UTF-8'>
OSError: [Errno 122] Disk quota exceeded
